# JRE version: Java(TM) SE Runtime Environment (8.0_131-b11) (build 1.8.0_131-b11)
# Java VM: Java HotSpot(TM) 64-Bit Server VM (25.131-b11 mixed mode windows-amd64 compressed oops)
Heap:
 PSYoungGen      total 18944K, used 7346K [0x00000000eaf00000, 0x00000000ed100000, 0x0000000100000000)
  eden space 16384K, 43% used [0x00000000eaf00000,0x00000000eb5f4808,0x00000000ebf00000)
  from space 2560K, 8% used [0x00000000ec180000,0x00000000ec1b8000,0x00000000ec400000)
  to   space 2560K, 1% used [0x00000000ebf00000,0x00000000ebf08000,0x00000000ec180000)
 ParOldGen       total 556544K, used 544580K [0x00000000c0c00000, 0x00000000e2b80000, 0x00000000eaf00000)
  object space 556544K, 97% used [0x00000000c0c00000,0x00000000e1fd1230,0x00000000e2b80000)
 Metaspace       used 20914K, capacity 21174K, committed 21424K, reserved 1069056K
  class space    used 2609K, capacity 2701K, committed 2816K, reserved 1048576K
GC Heap History (10 events):
Event: 17.251 GC heap after
Heap after GC invocations=1 (full 0):
 PSYoungGen      total 18944K, used 2549K [0x00000000eaf00000, 0x00000000ec400000, 0x0000000100000000)
  eden space 16384K, 0% used [0x00000000eaf00000,0x00000000eaf00000,0x00000000ebf00000)
  from space 2560K, 99% used [0x00000000ebf00000,0x00000000ec17d6c8,0x00000000ec180000)
  to   space 2560K, 0% used [0x00000000ec180000,0x00000000ec180000,0x00000000ec400000)
 ParOldGen       total 44032K, used 1099K [0x00000000c0c00000, 0x00000000c3700000, 0x00000000eaf00000)
  object space 44032K, 2% used [0x00000000c0c00000,0x00000000c0d12c48,0x00000000c3700000)
 Metaspace       used 13157K, capacity 13330K, committed 13568K, reserved 1060864K
  class space    used 1647K, capacity 1733K, committed 1792K, reserved 1048576K
}
Event: 22.190 GC heap before
{Heap before GC invocations=2 (full 0):
 PSYoungGen      total 18944K, used 18933K [0x00000000eaf00000, 0x00000000ec400000, 0x0000000100000000)
  eden space 16384K, 100% used [0x00000000eaf00000,0x00000000ebf00000,0x00000000ebf00000)
  from space 2560K, 99% used [0x00000000ebf00000,0x00000000ec17d6c8,0x00000000ec180000)
  to   space 2560K, 0% used [0x00000000ec180000,0x00000000ec180000,0x00000000ec400000)
 ParOldGen       total 44032K, used 1099K [0x00000000c0c00000, 0x00000000c3700000, 0x00000000eaf00000)
  object space 44032K, 2% used [0x00000000c0c00000,0x00000000c0d12c48,0x00000000c3700000)
 Metaspace       used 20018K, capacity 20298K, committed 20480K, reserved 1067008K
  class space    used 2475K, capacity 2539K, committed 2560K, reserved 1048576K
Event: 22.223 GC heap after
Heap after GC invocations=2 (full 0):
 PSYoungGen      total 18944K, used 2544K [0x00000000eaf00000, 0x00000000ec400000, 0x0000000100000000)
  eden space 16384K, 0% used [0x00000000eaf00000,0x00000000eaf00000,0x00000000ebf00000)
  from space 2560K, 99% used [0x00000000ec180000,0x00000000ec3fc010,0x00000000ec400000)
  to   space 2560K, 0% used [0x00000000ebf00000,0x00000000ebf00000,0x00000000ec180000)
 ParOldGen       total 44032K, used 6350K [0x00000000c0c00000, 0x00000000c3700000, 0x00000000eaf00000)
  object space 44032K, 14% used [0x00000000c0c00000,0x00000000c1233b68,0x00000000c3700000)
 Metaspace       used 20018K, capacity 20298K, committed 20480K, reserved 1067008K
  class space    used 2475K, capacity 2539K, committed 2560K, reserved 1048576K
}
Event: 23.291 GC heap before
{Heap before GC invocations=3 (full 0):
 PSYoungGen      total 18944K, used 5476K [0x00000000eaf00000, 0x00000000ec400000, 0x0000000100000000)
  eden space 16384K, 17% used [0x00000000eaf00000,0x00000000eb1dd280,0x00000000ebf00000)
  from space 2560K, 99% used [0x00000000ec180000,0x00000000ec3fc010,0x00000000ec400000)
  to   space 2560K, 0% used [0x00000000ebf00000,0x00000000ebf00000,0x00000000ec180000)
 ParOldGen       total 44032K, used 6350K [0x00000000c0c00000, 0x00000000c3700000, 0x00000000eaf00000)
  object space 44032K, 14% used [0x00000000c0c00000,0x00000000c1233b68,0x00000000c3700000)
 Metaspace       used 20876K, capacity 21142K, committed 21296K, reserved 1069056K
  class space    used 2595K, capacity 2669K, committed 2688K, reserved 1048576K
Event: 23.307 GC heap after
Heap after GC invocations=3 (full 0):
 PSYoungGen      total 18944K, used 2528K [0x00000000eaf00000, 0x00000000ec400000, 0x0000000100000000)
  eden space 16384K, 0% used [0x00000000eaf00000,0x00000000eaf00000,0x00000000ebf00000)
  from space 2560K, 98% used [0x00000000ebf00000,0x00000000ec178060,0x00000000ec180000)
  to   space 2560K, 0% used [0x00000000ec180000,0x00000000ec180000,0x00000000ec400000)
 ParOldGen       total 44032K, used 6988K [0x00000000c0c00000, 0x00000000c3700000, 0x00000000eaf00000)
  object space 44032K, 15% used [0x00000000c0c00000,0x00000000c12d3340,0x00000000c3700000)
 Metaspace       used 20876K, capacity 21142K, committed 21296K, reserved 1069056K
  class space    used 2595K, capacity 2669K, committed 2688K, reserved 1048576K
}
Event: 23.307 GC heap before
{Heap before GC invocations=4 (full 1):
 PSYoungGen      total 18944K, used 2528K [0x00000000eaf00000, 0x00000000ec400000, 0x0000000100000000)
  eden space 16384K, 0% used [0x00000000eaf00000,0x00000000eaf00000,0x00000000ebf00000)
  from space 2560K, 98% used [0x00000000ebf00000,0x00000000ec178060,0x00000000ec180000)
  to   space 2560K, 0% used [0x00000000ec180000,0x00000000ec180000,0x00000000ec400000)
 ParOldGen       total 44032K, used 6988K [0x00000000c0c00000, 0x00000000c3700000, 0x00000000eaf00000)
  object space 44032K, 15% used [0x00000000c0c00000,0x00000000c12d3340,0x00000000c3700000)
 Metaspace       used 20876K, capacity 21142K, committed 21296K, reserved 1069056K
  class space    used 2595K, capacity 2669K, committed 2688K, reserved 1048576K
Event: 23.451 GC heap after
Heap after GC invocations=4 (full 1):
 PSYoungGen      total 18944K, used 0K [0x00000000eaf00000, 0x00000000ec400000, 0x0000000100000000)
  eden space 16384K, 0% used [0x00000000eaf00000,0x00000000eaf00000,0x00000000ebf00000)
  from space 2560K, 0% used [0x00000000ebf00000,0x00000000ebf00000,0x00000000ec180000)
  to   space 2560K, 0% used [0x00000000ec180000,0x00000000ec180000,0x00000000ec400000)
 ParOldGen       total 39424K, used 8863K [0x00000000c0c00000, 0x00000000c3280000, 0x00000000eaf00000)
  object space 39424K, 22% used [0x00000000c0c00000,0x00000000c14a7f68,0x00000000c3280000)
 Metaspace       used 20876K, capacity 21142K, committed 21296K, reserved 1069056K
  class space    used 2595K, capacity 2669K, committed 2688K, reserved 1048576K
}
Event: 23.809 GC heap before
{Heap before GC invocations=5 (full 1):
 PSYoungGen      total 18944K, used 14918K [0x00000000eaf00000, 0x00000000ec400000, 0x0000000100000000)
  eden space 16384K, 91% used [0x00000000eaf00000,0x00000000ebd91848,0x00000000ebf00000)
  from space 2560K, 0% used [0x00000000ebf00000,0x00000000ebf00000,0x00000000ec180000)
  to   space 2560K, 0% used [0x00000000ec180000,0x00000000ec180000,0x00000000ec400000)
 ParOldGen       total 39424K, used 8863K [0x00000000c0c00000, 0x00000000c3280000, 0x00000000eaf00000)
  object space 39424K, 22% used [0x00000000c0c00000,0x00000000c14a7f68,0x00000000c3280000)
 Metaspace       used 20914K, capacity 21174K, committed 21424K, reserved 1069056K
  class space    used 2609K, capacity 2701K, committed 2816K, reserved 1048576K
Event: 23.846 GC heap after
Heap after GC invocations=5 (full 1):
 PSYoungGen      total 18944K, used 224K [0x00000000eaf00000, 0x00000000ed100000, 0x0000000100000000)
  eden space 16384K, 0% used [0x00000000eaf00000,0x00000000eaf00000,0x00000000ebf00000)
  from space 2560K, 8% used [0x00000000ec180000,0x00000000ec1b8000,0x00000000ec400000)
  to   space 2560K, 0% used [0x00000000ebf00000,0x00000000ebf00000,0x00000000ec180000)
 ParOldGen       total 39424K, used 18359K [0x00000000c0c00000, 0x00000000c3280000, 0x00000000eaf00000)
  object space 39424K, 46% used [0x00000000c0c00000,0x00000000c1dedf88,0x00000000c3280000)
 Metaspace       used 20914K, capacity 21174K, committed 21424K, reserved 1069056K
  class space    used 2609K, capacity 2701K, committed 2816K, reserved 1048576K
}
Event: 27.933 GC heap before
{Heap before GC invocations=6 (full 1):
 PSYoungGen      total 18944K, used 7346K [0x00000000eaf00000, 0x00000000ed100000, 0x0000000100000000)
  eden space 16384K, 43% used [0x00000000eaf00000,0x00000000eb5f4808,0x00000000ebf00000)
  from space 2560K, 8% used [0x00000000ec180000,0x00000000ec1b8000,0x00000000ec400000)
  to   space 2560K, 0% used [0x00000000ebf00000,0x00000000ebf00000,0x00000000ec180000)
 ParOldGen       total 556544K, used 544580K [0x00000000c0c00000, 0x00000000e2b80000, 0x00000000eaf00000)
  object space 556544K, 97% used [0x00000000c0c00000,0x00000000e1fd1230,0x00000000e2b80000)
 Metaspace       used 20914K, capacity 21174K, committed 21424K, reserved 1069056K
  class space    used 2609K, capacity 2701K, committed 2816K, reserved 1048576K

